<?xml version="1.0" encoding="UTF-8"?>
<!-- Generated by org.testng.reporters.JUnitXMLReporter -->
<testsuite ignored="1" hostname="DESKTOP-487IQB8" failures="1" tests="2" name="Test" time="37.748" errors="0" timestamp="2025-03-13T06:45:50 IST">
  <testcase classname="tests.LoginTest" name="verifyLoginWithValidCredentials" time="31.09"/>
  <testcase classname="tests.LoginTest" name="verifyLoginWithInValidUserNameAndPassword" time="0.254">
    <failure type="java.lang.AssertionError" message="The following asserts failed:
	null">
      <![CDATA[java.lang.AssertionError: The following asserts failed:
null
at tests.LoginTest.verifyLoginWithInValidUserNameAndPassword(LoginTest.java:24)
at java.base/java.util.ArrayList.forEach(ArrayList.java:1597)
... Removed 27 stack frames]]>
    </failure>
  </testcase> <!-- verifyLoginWithInValidUserNameAndPassword -->
  <testcase classname="tests.LoginTest" name="verifyLoginOnlyWithValidUserName" time="0.0">
    <ignored/>
  </testcase> <!-- verifyLoginOnlyWithValidUserName -->
</testsuite> <!-- Test -->
